<?xml version="1.0" encoding="UTF-8"?>
<!-- Generated by org.testng.reporters.JUnitReportReporter -->
<testsuite hostname="DESKTOP-AIT756L" failures="0" tests="3" name="testclasses.TestCases" time="39.944" errors="0" timestamp="2023-04-10T10:13:23 IST" skipped="0">
  <testcase classname="testclasses.TestCases" name="test_homeLoan" time="14.827"/>
  <system-out/>
  <testcase classname="testclasses.TestCases" name="test_carLoan" time="10.834"/>
  <system-out/>
  <testcase classname="testclasses.TestCases" name="test_EmiCalculator" time="14.283"/>
  <system-out/>
</testsuite> <!-- testclasses.TestCases -->
