<?xml version="1.0" encoding="UTF-8"?>
<!-- Generated by org.testng.reporters.JUnitReportReporter -->
<testsuite hostname="DESKTOP-AIT756L" failures="0" tests="1" name="com.cognizant_hackathon.team_gangadhar.AppTest" time="0.007" errors="0" timestamp="2023-04-10T09:57:47 IST" skipped="0">
  <testcase classname="com.cognizant_hackathon.team_gangadhar.AppTest" name="shouldAnswerWithTrue" time="0.007"/>
  <system-out/>
</testsuite> <!-- com.cognizant_hackathon.team_gangadhar.AppTest -->
